<?xml version="1.0" encoding="UTF-8"?>
<!-- Generated by org.testng.reporters.JUnitReportReporter -->
<testsuite skipped="0" hostname="ip-172-31-2-140" name="oAuth.PostRequest" tests="1" failures="0" timestamp="22 Mar 2021 06:05:30 GMT" time="1.252" errors="0">
  <testcase name="test2" time="1.252" classname="oAuth.PostRequest"/>
</testsuite> <!-- oAuth.PostRequest -->
