<?xml version="1.0" encoding="UTF-8"?>
<!-- Generated by org.testng.reporters.JUnitReportReporter -->
<testsuite skipped="0" hostname="ip-172-31-2-140" name="restAPI.GetRequestWithLogger" tests="1" failures="0" timestamp="22 Mar 2021 07:04:24 GMT" time="0.009" errors="0">
  <testcase name="test1" time="0.009" classname="restAPI.GetRequestWithLogger"/>
</testsuite> <!-- restAPI.GetRequestWithLogger -->
